<?xml version="1.0" encoding="UTF-8"?>
<testsuite name="core.Service.ClientServiceTest" tests="4" skipped="0" failures="0" errors="0" timestamp="2020-06-02T06:55:51" hostname="DESKTOP-7LUL0AF" time="0.377">
  <properties/>
  <testcase name="updateClient" classname="core.Service.ClientServiceTest" time="0.283"/>
  <testcase name="deleteClient" classname="core.Service.ClientServiceTest" time="0.033"/>
  <testcase name="findAll" classname="core.Service.ClientServiceTest" time="0.014"/>
  <testcase name="createClient" classname="core.Service.ClientServiceTest" time="0.041"/>
  <system-out><![CDATA[Hibernate: create table app_user (id bigint generated by default as identity, first_name varchar(255) not null, last_name varchar(255) not null, password varchar(255) not null, user_name varchar(255) not null, user_role varchar(255) not null, primary key (id))
Hibernate: create table client (id bigint generated by default as identity, age integer not null, firstname varchar(40) not null, lastname varchar(40) not null, primary key (id))
Hibernate: create table movie (id bigint generated by default as identity, director varchar(40) not null, genre varchar(40) not null, mainstar varchar(40) not null, title varchar(40) not null, yearofrelease integer not null, primary key (id))
Hibernate: create table rental (id bigint generated by default as identity, day integer not null, month integer not null, year integer not null, clientid bigint not null, movieid bigint not null, primary key (id))
Hibernate: alter table app_user drop constraint if exists UK_cpt2jpnop7mcpds1sv2i5629w
Hibernate: alter table app_user add constraint UK_cpt2jpnop7mcpds1sv2i5629w unique (user_name)
Hibernate: alter table rental add constraint FK2j8dqhqj3yv20ektan7m6a5v1 foreign key (clientid) references client
Hibernate: alter table rental add constraint FKks9vlp349tui29xcpjh8jfr6u foreign key (movieid) references movie
Hibernate: select client0_.id as id1_1_0_, client0_.age as age2_1_0_, client0_.firstname as firstnam3_1_0_, client0_.lastname as lastname4_1_0_ from client client0_ where client0_.id=?
here
Hibernate: update client set age=?, firstname=?, lastname=? where id=?
Hibernate: select client0_.id as id1_1_, client0_.age as age2_1_, client0_.firstname as firstnam3_1_, client0_.lastname as lastname4_1_ from client client0_
Hibernate: select client0_.id as id1_1_0_, client0_.age as age2_1_0_, client0_.firstname as firstnam3_1_0_, client0_.lastname as lastname4_1_0_ from client client0_ where client0_.id=?
Hibernate: select rentals0_.clientid as clientid5_3_0_, rentals0_.id as id1_3_0_, rentals0_.id as id1_3_1_, rentals0_.clientid as clientid5_3_1_, rentals0_.day as day2_3_1_, rentals0_.month as month3_3_1_, rentals0_.movieid as movieid6_3_1_, rentals0_.year as year4_3_1_ from rental rentals0_ where rentals0_.clientid=?
Hibernate: delete from client where id=?
Hibernate: select client0_.id as id1_1_, client0_.age as age2_1_, client0_.firstname as firstnam3_1_, client0_.lastname as lastname4_1_ from client client0_
Hibernate: select client0_.id as id1_1_, client0_.age as age2_1_, client0_.firstname as firstnam3_1_, client0_.lastname as lastname4_1_ from client client0_
Hibernate: select client0_.id as id1_1_0_, client0_.age as age2_1_0_, client0_.firstname as firstnam3_1_0_, client0_.lastname as lastname4_1_0_ from client client0_ where client0_.id=?
Hibernate: select client0_.id as id1_1_1_, client0_.age as age2_1_1_, client0_.firstname as firstnam3_1_1_, client0_.lastname as lastname4_1_1_, rentals1_.clientid as clientid5_3_3_, rentals1_.id as id1_3_3_, rentals1_.id as id1_3_0_, rentals1_.clientid as clientid5_3_0_, rentals1_.day as day2_3_0_, rentals1_.month as month3_3_0_, rentals1_.movieid as movieid6_3_0_, rentals1_.year as year4_3_0_ from client client0_ left outer join rental rentals1_ on client0_.id=rentals1_.clientid where client0_.id=?
Hibernate: insert into client (id, age, firstname, lastname) values (null, ?, ?, ?)
Hibernate: select client0_.id as id1_1_, client0_.age as age2_1_, client0_.firstname as firstnam3_1_, client0_.lastname as lastname4_1_ from client client0_
]]></system-out>
  <system-err><![CDATA[ERROR StatusLogger No log4j2 configuration file found. Using default configuration: logging only errors to the console. Set system property 'log4j2.debug' to show Log4j2 internal initialization logging.
]]></system-err>
</testsuite>
