<?xml version="1.0" encoding="UTF-8"?>
<testsuite name="core.Repository.MovieRepositoryTest" tests="4" skipped="0" failures="0" errors="0" timestamp="2020-05-29T17:21:29" hostname="DESKTOP-7LUL0AF" time="0.484">
  <properties/>
  <testcase name="deleteStudent" classname="core.Repository.MovieRepositoryTest" time="0.348"/>
  <testcase name="findAll" classname="core.Repository.MovieRepositoryTest" time="0.021"/>
  <testcase name="updateMovie" classname="core.Repository.MovieRepositoryTest" time="0.034"/>
  <testcase name="createMovie" classname="core.Repository.MovieRepositoryTest" time="0.072"/>
  <system-out><![CDATA[Hibernate: create table client (id bigint generated by default as identity, age integer not null, firstname varchar(40) not null, lastname varchar(40) not null, primary key (id))
Hibernate: create table movie (id bigint generated by default as identity, director varchar(40) not null, genre varchar(40) not null, mainstar varchar(40) not null, title varchar(40) not null, yearofrelease integer not null, primary key (id))
Hibernate: create table rental (id bigint generated by default as identity, day integer not null, month integer not null, year integer not null, clientid bigint not null, movieid bigint not null, primary key (id))
Hibernate: alter table rental add constraint FK2j8dqhqj3yv20ektan7m6a5v1 foreign key (clientid) references client
Hibernate: alter table rental add constraint FKks9vlp349tui29xcpjh8jfr6u foreign key (movieid) references movie
Hibernate: select movie0_.id as id1_1_0_, movie0_.director as director2_1_0_, movie0_.genre as genre3_1_0_, movie0_.mainstar as mainstar4_1_0_, movie0_.title as title5_1_0_, movie0_.yearofrelease as yearofre6_1_0_ from movie movie0_ where movie0_.id=?
Hibernate: select rentals0_.movieid as movieid6_2_0_, rentals0_.id as id1_2_0_, rentals0_.id as id1_2_1_, rentals0_.clientid as clientid5_2_1_, rentals0_.day as day2_2_1_, rentals0_.month as month3_2_1_, rentals0_.movieid as movieid6_2_1_, rentals0_.year as year4_2_1_ from rental rentals0_ where rentals0_.movieid=?
Hibernate: delete from movie where id=?
Hibernate: select movie0_.id as id1_1_, movie0_.director as director2_1_, movie0_.genre as genre3_1_, movie0_.mainstar as mainstar4_1_, movie0_.title as title5_1_, movie0_.yearofrelease as yearofre6_1_ from movie movie0_
Hibernate: select movie0_.id as id1_1_, movie0_.director as director2_1_, movie0_.genre as genre3_1_, movie0_.mainstar as mainstar4_1_, movie0_.title as title5_1_, movie0_.yearofrelease as yearofre6_1_ from movie movie0_
Hibernate: select movie0_.id as id1_1_0_, movie0_.director as director2_1_0_, movie0_.genre as genre3_1_0_, movie0_.mainstar as mainstar4_1_0_, movie0_.title as title5_1_0_, movie0_.yearofrelease as yearofre6_1_0_ from movie movie0_ where movie0_.id=?
Hibernate: update movie set director=?, genre=?, mainstar=?, title=?, yearofrelease=? where id=?
Hibernate: select movie0_.id as id1_1_, movie0_.director as director2_1_, movie0_.genre as genre3_1_, movie0_.mainstar as mainstar4_1_, movie0_.title as title5_1_, movie0_.yearofrelease as yearofre6_1_ from movie movie0_
Hibernate: select movie0_.id as id1_1_1_, movie0_.director as director2_1_1_, movie0_.genre as genre3_1_1_, movie0_.mainstar as mainstar4_1_1_, movie0_.title as title5_1_1_, movie0_.yearofrelease as yearofre6_1_1_, rentals1_.movieid as movieid6_2_3_, rentals1_.id as id1_2_3_, rentals1_.id as id1_2_0_, rentals1_.clientid as clientid5_2_0_, rentals1_.day as day2_2_0_, rentals1_.month as month3_2_0_, rentals1_.movieid as movieid6_2_0_, rentals1_.year as year4_2_0_ from movie movie0_ left outer join rental rentals1_ on movie0_.id=rentals1_.movieid where movie0_.id=?
Hibernate: insert into movie (id, director, genre, mainstar, title, yearofrelease) values (null, ?, ?, ?, ?, ?)
Hibernate: select movie0_.id as id1_1_, movie0_.director as director2_1_, movie0_.genre as genre3_1_, movie0_.mainstar as mainstar4_1_, movie0_.title as title5_1_, movie0_.yearofrelease as yearofre6_1_ from movie movie0_
]]></system-out>
  <system-err><![CDATA[ERROR StatusLogger No log4j2 configuration file found. Using default configuration: logging only errors to the console. Set system property 'log4j2.debug' to show Log4j2 internal initialization logging.
]]></system-err>
</testsuite>
