<?xml version="1.0" encoding="UTF-8"?>
<testsuite name="core.Repository.ClientRepositoryTest" tests="4" skipped="0" failures="0" errors="0" timestamp="2020-06-02T06:55:52" hostname="DESKTOP-7LUL0AF" time="0.105">
  <properties/>
  <testcase name="updateClient" classname="core.Repository.ClientRepositoryTest" time="0.043"/>
  <testcase name="deleteClient" classname="core.Repository.ClientRepositoryTest" time="0.023"/>
  <testcase name="findAll" classname="core.Repository.ClientRepositoryTest" time="0.012"/>
  <testcase name="createClient" classname="core.Repository.ClientRepositoryTest" time="0.021"/>
  <system-out><![CDATA[Hibernate: select client0_.id as id1_1_0_, client0_.age as age2_1_0_, client0_.firstname as firstnam3_1_0_, client0_.lastname as lastname4_1_0_ from client client0_ where client0_.id=?
Hibernate: update client set age=?, firstname=?, lastname=? where id=?
Hibernate: select client0_.id as id1_1_, client0_.age as age2_1_, client0_.firstname as firstnam3_1_, client0_.lastname as lastname4_1_ from client client0_
Hibernate: select client0_.id as id1_1_0_, client0_.age as age2_1_0_, client0_.firstname as firstnam3_1_0_, client0_.lastname as lastname4_1_0_ from client client0_ where client0_.id=?
Hibernate: select rentals0_.clientid as clientid5_3_0_, rentals0_.id as id1_3_0_, rentals0_.id as id1_3_1_, rentals0_.clientid as clientid5_3_1_, rentals0_.day as day2_3_1_, rentals0_.month as month3_3_1_, rentals0_.movieid as movieid6_3_1_, rentals0_.year as year4_3_1_ from rental rentals0_ where rentals0_.clientid=?
Hibernate: delete from client where id=?
Hibernate: select client0_.id as id1_1_, client0_.age as age2_1_, client0_.firstname as firstnam3_1_, client0_.lastname as lastname4_1_ from client client0_
Hibernate: select client0_.id as id1_1_, client0_.age as age2_1_, client0_.firstname as firstnam3_1_, client0_.lastname as lastname4_1_ from client client0_
Hibernate: select client0_.id as id1_1_1_, client0_.age as age2_1_1_, client0_.firstname as firstnam3_1_1_, client0_.lastname as lastname4_1_1_, rentals1_.clientid as clientid5_3_3_, rentals1_.id as id1_3_3_, rentals1_.id as id1_3_0_, rentals1_.clientid as clientid5_3_0_, rentals1_.day as day2_3_0_, rentals1_.month as month3_3_0_, rentals1_.movieid as movieid6_3_0_, rentals1_.year as year4_3_0_ from client client0_ left outer join rental rentals1_ on client0_.id=rentals1_.clientid where client0_.id=?
Hibernate: insert into client (id, age, firstname, lastname) values (null, ?, ?, ?)
Hibernate: select client0_.id as id1_1_, client0_.age as age2_1_, client0_.firstname as firstnam3_1_, client0_.lastname as lastname4_1_ from client client0_
]]></system-out>
  <system-err><![CDATA[]]></system-err>
</testsuite>
